2024-12-06 19:25:28,883 histogram end
2024-12-06 19:25:28,884 line plot finished
2024-12-06 19:25:28,936 scatter plot finished
2024-12-06 19:25:28,936 violin plot finished
2024-12-06 19:25:28,937 whisker box plot finished
2024-12-06 19:25:28,938 Main started
2024-12-06 19:25:28,971 search dataframe start
2024-12-06 19:25:28,971 search value start
2024-12-06 19:25:28,971 search value start
2024-12-06 19:25:28,971 search value start
2024-12-06 19:25:28,971 search value start
2024-12-06 19:25:28,971 search value start
2024-12-06 19:25:28,971 search value start
2024-12-06 19:25:28,971 search value start
2024-12-06 19:25:28,971 search value start
2024-12-06 19:25:28,971 search value start
2024-12-06 19:25:28,971 search value start
2024-12-06 19:25:28,971 search value start
2024-12-06 19:25:28,972 search value start
2024-12-06 19:25:28,972 search value start
2024-12-06 19:25:28,972 search value start
2024-12-06 19:25:28,972 search value start
2024-12-06 19:25:28,972 search value start
2024-12-06 19:25:28,972 search value start
2024-12-06 19:25:28,972 search value start
2024-12-06 19:25:28,972 search value start
2024-12-06 19:25:28,972 search value start
2024-12-06 19:25:28,972 search value start
2024-12-06 19:25:28,972 search value start
2024-12-06 19:25:28,972 search value start
2024-12-06 19:25:28,972 search value start
2024-12-06 19:25:28,972 search value start
2024-12-06 19:25:28,972 search value start
2024-12-06 19:25:28,972 search value start
2024-12-06 19:25:28,972 search value start
2024-12-06 19:25:28,972 search value start
2024-12-06 19:25:28,972 search value start
2024-12-06 19:25:28,972 search value start
2024-12-06 19:25:28,972 search value start
2024-12-06 19:25:28,972 search value start
2024-12-06 19:25:28,972 search value start
2024-12-06 19:25:28,972 search value start
2024-12-06 19:25:28,972 search value start
2024-12-06 19:25:28,972 search value start
2024-12-06 19:25:28,972 search value start
2024-12-06 19:25:28,972 search value start
2024-12-06 19:25:28,972 search value start
2024-12-06 19:25:28,972 search value start
2024-12-06 19:25:28,973 search value start
2024-12-06 19:25:28,973 search value start
2024-12-06 19:25:28,973 search value start
2024-12-06 19:25:28,973 search value start
2024-12-06 19:25:28,973 search value start
2024-12-06 19:25:28,973 search value start
2024-12-06 19:25:28,973 search value start
2024-12-06 19:25:28,973 search value start
2024-12-06 19:25:28,973 search value start
2024-12-06 19:25:28,973 search value start
2024-12-06 19:25:28,973 search value start
2024-12-06 19:25:28,973 search value start
2024-12-06 19:25:28,973 search value start
2024-12-06 19:25:28,973 search value start
2024-12-06 19:25:28,973 search value start
2024-12-06 19:25:28,973 search value start
2024-12-06 19:25:28,973 search value start
2024-12-06 19:25:28,973 search value start
2024-12-06 19:25:28,973 search value start
2024-12-06 19:25:28,973 search value start
2024-12-06 19:25:28,973 search value start
2024-12-06 19:25:28,973 search value start
2024-12-06 19:25:28,974 search value start
2024-12-06 19:25:28,974 search value start
2024-12-06 19:25:28,974 search value start
2024-12-06 19:25:28,974 search value start
2024-12-06 19:25:28,974 search value start
2024-12-06 19:25:28,974 search value start
2024-12-06 19:25:28,974 search value start
2024-12-06 19:25:28,974 search value start
2024-12-06 19:25:28,974 search value start
2024-12-06 19:25:28,974 search value start
2024-12-06 19:25:28,974 search value start
2024-12-06 19:25:28,974 search value start
2024-12-06 19:25:28,974 search value start
2024-12-06 19:25:28,974 search value start
2024-12-06 19:25:28,974 search value start
2024-12-06 19:25:28,974 search value start
2024-12-06 19:25:28,974 search value start
2024-12-06 19:25:28,974 search value start
2024-12-06 19:25:28,974 search value start
2024-12-06 19:25:28,974 search value start
2024-12-06 19:25:28,974 search value start
2024-12-06 19:25:28,974 search value start
2024-12-06 19:25:28,974 search value start
2024-12-06 19:25:28,974 search value start
2024-12-06 19:25:28,974 search value start
2024-12-06 19:25:28,974 search value start
2024-12-06 19:25:28,974 search value start
2024-12-06 19:25:28,974 search value start
2024-12-06 19:25:28,975 search value start
2024-12-06 19:25:28,975 search value start
2024-12-06 19:25:28,975 search value start
2024-12-06 19:25:28,975 search value start
2024-12-06 19:25:28,975 search value start
2024-12-06 19:25:28,975 search value start
2024-12-06 19:25:28,975 search value start
2024-12-06 19:25:28,975 search value start
2024-12-06 19:25:28,975 search value start
2024-12-06 19:25:28,975 search value start
2024-12-06 19:25:28,975 search value start
2024-12-06 19:25:28,975 search value start
2024-12-06 19:25:28,975 search value start
2024-12-06 19:25:28,975 search value start
2024-12-06 19:25:28,975 search value start
2024-12-06 19:25:28,975 search value start
2024-12-06 19:25:28,975 search value start
2024-12-06 19:25:28,975 search value start
2024-12-06 19:25:28,975 search value start
2024-12-06 19:25:28,975 search value start
2024-12-06 19:25:28,975 search value start
2024-12-06 19:25:28,975 search value start
2024-12-06 19:25:28,975 search value start
2024-12-06 19:25:28,975 search value start
2024-12-06 19:25:28,975 search value start
2024-12-06 19:25:28,975 search value start
2024-12-06 19:25:28,975 search value start
2024-12-06 19:25:28,975 search value start
2024-12-06 19:25:28,975 search value start
2024-12-06 19:25:28,976 search value start
2024-12-06 19:25:28,976 search value start
2024-12-06 19:25:28,976 search value start
2024-12-06 19:25:28,976 search value start
2024-12-06 19:25:28,976 search value start
2024-12-06 19:25:28,976 search value start
2024-12-06 19:25:28,976 search value start
2024-12-06 19:25:28,976 search value start
2024-12-06 19:25:28,976 search value start
2024-12-06 19:25:28,976 search value start
2024-12-06 19:25:28,976 search value start
2024-12-06 19:25:28,976 search value start
2024-12-06 19:25:28,976 search value start
2024-12-06 19:25:28,976 search value start
2024-12-06 19:25:28,976 search value start
2024-12-06 19:25:28,976 search value start
2024-12-06 19:25:28,976 search value start
2024-12-06 19:25:28,976 search value start
2024-12-06 19:25:28,976 search value start
2024-12-06 19:25:28,976 search value start
2024-12-06 19:25:28,976 search value start
2024-12-06 19:25:28,976 search value start
2024-12-06 19:25:28,976 search value start
2024-12-06 19:25:28,976 search value start
2024-12-06 19:25:28,976 search value start
2024-12-06 19:25:28,976 search value start
2024-12-06 19:25:28,976 search value start
2024-12-06 19:25:28,977 search value start
2024-12-06 19:25:28,977 search value start
2024-12-06 19:25:28,977 search value start
2024-12-06 19:25:28,977 search value start
2024-12-06 19:25:28,977 search value start
2024-12-06 19:25:28,977 search value start
2024-12-06 19:25:28,977 search value start
2024-12-06 19:25:28,977 search value start
2024-12-06 19:25:28,977 search value start
2024-12-06 19:25:28,977 search value start
2024-12-06 19:25:28,977 search value start
2024-12-06 19:25:28,977 search value start
2024-12-06 19:25:28,977 search value start
2024-12-06 19:25:28,977 search value start
2024-12-06 19:25:28,977 search value start
2024-12-06 19:25:28,977 search value start
2024-12-06 19:25:28,977 search value start
2024-12-06 19:25:28,977 search value start
2024-12-06 19:25:28,977 search value start
2024-12-06 19:25:28,977 search value start
2024-12-06 19:25:28,977 search value start
2024-12-06 19:25:28,977 search value start
2024-12-06 19:25:28,977 search value start
2024-12-06 19:25:28,977 search value start
2024-12-06 19:25:28,977 search value start
2024-12-06 19:25:28,977 search value start
2024-12-06 19:25:28,977 search value start
2024-12-06 19:25:28,977 search value start
2024-12-06 19:25:28,977 search value start
2024-12-06 19:25:28,977 search value start
2024-12-06 19:25:28,978 search value start
2024-12-06 19:25:28,978 search value start
2024-12-06 19:25:28,978 search value start
2024-12-06 19:25:28,978 search value start
2024-12-06 19:25:28,978 search value start
2024-12-06 19:25:28,978 search value start
2024-12-06 19:25:28,978 search value start
2024-12-06 19:25:28,978 search value start
2024-12-06 19:25:28,978 search value start
2024-12-06 19:25:28,978 search value start
2024-12-06 19:25:28,978 search value start
2024-12-06 19:25:28,978 search value start
2024-12-06 19:25:28,978 search value start
2024-12-06 19:25:28,978 search value start
2024-12-06 19:25:28,978 search value start
2024-12-06 19:25:28,978 search value start
2024-12-06 19:25:28,978 search value start
2024-12-06 19:25:28,978 search value start
2024-12-06 19:25:28,978 search value start
2024-12-06 19:25:28,978 search value start
2024-12-06 19:25:28,978 search value start
2024-12-06 19:25:28,978 search value start
2024-12-06 19:25:28,978 search value start
2024-12-06 19:25:28,978 search value start
2024-12-06 19:25:28,978 search value start
2024-12-06 19:25:28,978 search value start
2024-12-06 19:25:28,978 search value start
2024-12-06 19:25:28,978 search value start
2024-12-06 19:25:28,978 search value start
2024-12-06 19:25:28,978 search value start
2024-12-06 19:25:28,979 search value start
2024-12-06 19:25:28,979 search value start
2024-12-06 19:25:28,979 search value start
2024-12-06 19:25:28,979 search value start
2024-12-06 19:25:28,979 search value start
2024-12-06 19:25:28,979 search value start
2024-12-06 19:25:28,979 search value start
2024-12-06 19:25:28,979 search value start
2024-12-06 19:25:28,979 search value start
2024-12-06 19:25:28,979 search value start
2024-12-06 19:25:28,979 search value start
2024-12-06 19:25:28,979 search value start
2024-12-06 19:25:28,979 search value start
2024-12-06 19:25:28,979 search value start
2024-12-06 19:25:28,979 search value start
2024-12-06 19:25:28,979 search value start
2024-12-06 19:25:28,979 search value start
2024-12-06 19:25:28,979 search value start
2024-12-06 19:25:28,979 search value start
2024-12-06 19:25:28,979 search value start
2024-12-06 19:25:28,979 search value start
2024-12-06 19:25:28,979 search value start
2024-12-06 19:25:28,979 search value start
2024-12-06 19:25:28,979 search value start
2024-12-06 19:25:28,979 search value start
2024-12-06 19:25:28,979 search value start
2024-12-06 19:25:28,979 search value start
2024-12-06 19:25:28,979 search value start
2024-12-06 19:25:28,979 search value start
2024-12-06 19:25:28,980 search value start
2024-12-06 19:25:28,980 search value start
2024-12-06 19:25:28,980 search value start
2024-12-06 19:25:28,980 search value start
2024-12-06 19:25:28,980 search value start
2024-12-06 19:25:28,980 search value start
2024-12-06 19:25:28,980 search value start
2024-12-06 19:25:28,980 search value start
2024-12-06 19:25:28,980 search value start
2024-12-06 19:25:28,980 search value start
2024-12-06 19:25:28,980 search value start
2024-12-06 19:25:28,980 search value start
2024-12-06 19:25:28,980 search value start
2024-12-06 19:25:28,980 search value start
2024-12-06 19:25:28,980 search value start
2024-12-06 19:25:28,980 search value start
2024-12-06 19:25:28,980 search value start
2024-12-06 19:25:28,980 search value start
2024-12-06 19:25:28,980 search value start
2024-12-06 19:25:28,980 search value start
2024-12-06 19:25:28,980 search value start
2024-12-06 19:25:28,980 search value start
2024-12-06 19:25:28,980 search value start
2024-12-06 19:25:28,980 search value start
2024-12-06 19:25:28,980 search value start
2024-12-06 19:25:28,980 search value start
2024-12-06 19:25:28,980 search value start
2024-12-06 19:25:28,980 search value start
2024-12-06 19:25:28,980 search value start
2024-12-06 19:25:28,981 search value start
2024-12-06 19:25:28,981 search value start
2024-12-06 19:25:28,981 search value start
2024-12-06 19:25:28,981 search value start
2024-12-06 19:25:28,981 search value start
2024-12-06 19:25:28,981 search value start
2024-12-06 19:25:28,981 search value start
2024-12-06 19:25:28,981 search value start
2024-12-06 19:25:28,981 search value start
2024-12-06 19:25:28,981 search value start
2024-12-06 19:25:28,981 search value start
2024-12-06 19:25:28,981 search value start
2024-12-06 19:25:28,981 search value start
2024-12-06 19:25:28,981 search value start
2024-12-06 19:25:28,981 search value start
2024-12-06 19:25:28,981 search value start
2024-12-06 19:25:28,981 search value start
2024-12-06 19:25:28,981 search value start
2024-12-06 19:25:28,981 search value start
2024-12-06 19:25:28,981 search value start
2024-12-06 19:25:28,981 search value start
2024-12-06 19:25:28,981 search value start
2024-12-06 19:25:28,981 search value start
2024-12-06 19:25:28,981 search value start
2024-12-06 19:25:28,981 search value start
2024-12-06 19:25:28,981 search value start
2024-12-06 19:25:28,981 search value start
2024-12-06 19:25:28,981 search value start
2024-12-06 19:25:28,981 search value start
2024-12-06 19:25:28,982 search value start
2024-12-06 19:25:28,982 search value start
2024-12-06 19:25:28,982 search value start
2024-12-06 19:25:28,982 search value start
2024-12-06 19:25:28,982 search value start
2024-12-06 19:25:28,982 search value start
2024-12-06 19:25:28,982 search value start
2024-12-06 19:25:28,982 search value start
2024-12-06 19:25:28,982 search value start
2024-12-06 19:25:28,982 search value start
2024-12-06 19:25:28,982 search value start
2024-12-06 19:25:28,982 search value start
2024-12-06 19:25:28,982 search value start
2024-12-06 19:25:28,982 search value start
2024-12-06 19:25:28,982 search value start
2024-12-06 19:25:28,982 search value start
2024-12-06 19:25:28,982 search value start
2024-12-06 19:25:28,982 search value start
2024-12-06 19:25:28,982 search value start
2024-12-06 19:25:28,982 search value start
2024-12-06 19:25:28,982 search value start
2024-12-06 19:25:28,982 search value start
2024-12-06 19:25:28,982 search value start
2024-12-06 19:25:28,982 search value start
2024-12-06 19:25:28,982 search value start
2024-12-06 19:25:28,982 search value start
2024-12-06 19:25:28,982 search value start
2024-12-06 19:25:28,982 search value start
2024-12-06 19:25:28,982 search value start
2024-12-06 19:25:28,982 search value start
2024-12-06 19:25:28,983 search value start
2024-12-06 19:25:28,983 search value start
2024-12-06 19:25:28,983 search value start
2024-12-06 19:25:28,983 search value start
2024-12-06 19:25:28,983 search value start
2024-12-06 19:25:28,983 search value start
2024-12-06 19:25:28,983 search value start
2024-12-06 19:25:28,983 search value start
2024-12-06 19:25:28,983 search value start
2024-12-06 19:25:28,983 search value start
2024-12-06 19:25:28,983 search value start
2024-12-06 19:25:28,983 search value start
2024-12-06 19:25:28,983 search value start
2024-12-06 19:25:28,983 search value start
2024-12-06 19:25:28,983 search value start
2024-12-06 19:25:28,983 search value start
2024-12-06 19:25:28,983 search value start
2024-12-06 19:25:28,983 search value start
2024-12-06 19:25:28,983 search value start
2024-12-06 19:25:28,983 search value start
2024-12-06 19:25:28,983 search value start
2024-12-06 19:25:28,983 search value start
2024-12-06 19:25:28,983 search value start
2024-12-06 19:25:28,983 search value start
2024-12-06 19:25:28,983 search value start
2024-12-06 19:25:28,983 search value start
2024-12-06 19:25:28,983 search value start
2024-12-06 19:25:28,983 search value start
2024-12-06 19:25:28,983 search value start
2024-12-06 19:25:28,983 search value start
2024-12-06 19:25:28,984 search value start
2024-12-06 19:25:28,984 search value start
2024-12-06 19:25:28,984 search value start
2024-12-06 19:25:28,984 search value start
2024-12-06 19:25:28,984 search value start
2024-12-06 19:25:28,984 search value start
2024-12-06 19:25:28,984 search value start
2024-12-06 19:25:28,984 search value start
2024-12-06 19:25:28,984 search value start
2024-12-06 19:25:28,984 search value start
2024-12-06 19:25:28,984 search value start
2024-12-06 19:25:28,984 search value start
2024-12-06 19:25:28,984 search value start
2024-12-06 19:25:28,984 search value start
2024-12-06 19:25:28,984 search value start
2024-12-06 19:25:28,984 search value start
2024-12-06 19:25:28,984 search value start
2024-12-06 19:25:28,984 search value start
2024-12-06 19:25:28,984 search value start
2024-12-06 19:25:28,984 search value start
2024-12-06 19:25:28,984 search value start
2024-12-06 19:25:28,984 search value start
2024-12-06 19:25:28,984 search value start
2024-12-06 19:25:28,984 search value start
2024-12-06 19:25:28,984 search value start
2024-12-06 19:25:28,984 search value start
2024-12-06 19:25:28,984 search value start
2024-12-06 19:25:28,984 search value start
2024-12-06 19:25:28,985 search value start
2024-12-06 19:25:28,985 search value start
2024-12-06 19:25:28,985 search value start
2024-12-06 19:25:28,985 search value start
2024-12-06 19:25:28,985 search value start
2024-12-06 19:25:28,985 search value start
2024-12-06 19:25:28,985 search value start
2024-12-06 19:25:28,985 search value start
2024-12-06 19:25:28,985 search value start
2024-12-06 19:25:28,985 search value start
2024-12-06 19:25:28,985 search value start
2024-12-06 19:25:28,985 search value start
2024-12-06 19:25:28,985 search value start
2024-12-06 19:25:28,985 search value start
2024-12-06 19:25:28,985 search value start
2024-12-06 19:25:28,985 search value start
2024-12-06 19:25:28,985 search value start
2024-12-06 19:25:28,985 search value start
2024-12-06 19:25:28,985 search value start
2024-12-06 19:25:28,985 search value start
2024-12-06 19:25:28,985 search value start
2024-12-06 19:25:28,985 search value start
2024-12-06 19:25:28,985 search value start
2024-12-06 19:25:28,985 search value start
2024-12-06 19:25:28,985 search value start
2024-12-06 19:25:28,985 search value start
2024-12-06 19:25:28,985 search value start
2024-12-06 19:25:28,985 search value start
2024-12-06 19:25:28,985 search value start
2024-12-06 19:25:28,986 search value start
2024-12-06 19:25:28,986 search value start
2024-12-06 19:25:28,986 search value start
2024-12-06 19:25:28,986 search value start
2024-12-06 19:25:28,986 search value start
2024-12-06 19:25:28,986 search value start
2024-12-06 19:25:28,986 search value start
2024-12-06 19:25:28,986 search value start
2024-12-06 19:25:28,986 search value start
2024-12-06 19:25:28,986 search value start
2024-12-06 19:25:28,986 search value start
2024-12-06 19:25:28,986 search value start
2024-12-06 19:25:28,986 search value start
2024-12-06 19:25:28,986 search value start
2024-12-06 19:25:28,986 search value start
2024-12-06 19:25:28,986 search value start
2024-12-06 19:25:28,986 search value start
2024-12-06 19:25:28,986 search value start
2024-12-06 19:25:28,986 search value start
2024-12-06 19:25:28,986 search value start
2024-12-06 19:25:28,986 search value start
2024-12-06 19:25:28,986 search value start
2024-12-06 19:25:28,986 search value start
2024-12-06 19:25:28,986 search value start
2024-12-06 19:25:28,986 search value start
2024-12-06 19:25:28,986 search value start
2024-12-06 19:25:28,986 search value start
2024-12-06 19:25:28,986 search value start
2024-12-06 19:25:28,986 search value start
2024-12-06 19:25:28,987 search value start
2024-12-06 19:25:28,987 search value start
2024-12-06 19:25:28,987 search value start
2024-12-06 19:25:28,987 search value start
2024-12-06 19:25:28,987 search value start
2024-12-06 19:25:28,987 search value start
2024-12-06 19:25:28,987 search value start
2024-12-06 19:25:28,987 search value start
2024-12-06 19:25:28,987 search value start
2024-12-06 19:25:28,987 search value start
2024-12-06 19:25:28,987 search value start
2024-12-06 19:25:28,987 search value start
2024-12-06 19:25:28,987 search value start
2024-12-06 19:25:28,987 search value start
2024-12-06 19:25:28,987 search value start
2024-12-06 19:25:28,987 search value start
2024-12-06 19:25:28,987 search value start
2024-12-06 19:25:28,987 search value start
2024-12-06 19:25:28,987 search value start
2024-12-06 19:25:28,987 search value start
2024-12-06 19:25:28,987 search value start
2024-12-06 19:25:28,987 search value start
2024-12-06 19:25:28,987 search value start
2024-12-06 19:25:28,987 search value start
2024-12-06 19:25:28,987 search value start
2024-12-06 19:25:28,987 search value start
2024-12-06 19:25:28,987 search value start
2024-12-06 19:25:28,987 search value start
2024-12-06 19:25:28,988 search value start
2024-12-06 19:25:28,988 search value start
2024-12-06 19:25:28,988 search value start
2024-12-06 19:25:28,988 search value start
2024-12-06 19:25:28,988 search value start
2024-12-06 19:25:28,988 search value start
2024-12-06 19:25:28,988 search value start
2024-12-06 19:25:28,988 search value start
2024-12-06 19:25:28,988 search value start
2024-12-06 19:25:28,988 search value start
2024-12-06 19:25:28,988 search value start
2024-12-06 19:25:28,988 search value start
2024-12-06 19:25:28,988 search value start
2024-12-06 19:25:28,988 search value start
2024-12-06 19:25:28,988 search value start
2024-12-06 19:25:28,988 search value start
2024-12-06 19:25:28,988 search value start
2024-12-06 19:25:28,988 search value start
2024-12-06 19:25:28,988 search value start
2024-12-06 19:25:28,988 search value start
2024-12-06 19:25:28,988 search value start
2024-12-06 19:25:28,988 search value start
2024-12-06 19:25:28,988 search value start
2024-12-06 19:25:28,988 search value start
2024-12-06 19:25:28,988 search value start
2024-12-06 19:25:28,988 search value start
2024-12-06 19:25:28,988 search value start
2024-12-06 19:25:28,988 search value start
2024-12-06 19:25:28,988 search value start
2024-12-06 19:25:28,989 search value start
2024-12-06 19:25:28,989 search value start
2024-12-06 19:25:28,989 search value start
2024-12-06 19:25:28,989 search value start
2024-12-06 19:25:28,989 search value start
2024-12-06 19:25:28,989 search value start
2024-12-06 19:25:28,989 search value start
2024-12-06 19:25:28,989 search value start
2024-12-06 19:25:28,989 search value start
2024-12-06 19:25:28,989 search value start
2024-12-06 19:25:28,989 search value start
2024-12-06 19:25:28,989 search value start
2024-12-06 19:25:28,989 search value start
2024-12-06 19:25:28,989 search value start
2024-12-06 19:25:28,989 search value start
2024-12-06 19:25:28,989 search value start
2024-12-06 19:25:28,989 search value start
2024-12-06 19:25:28,989 search value start
2024-12-06 19:25:28,989 search value start
2024-12-06 19:25:28,989 search value start
2024-12-06 19:25:28,989 search value start
2024-12-06 19:25:28,989 search value start
2024-12-06 19:25:28,989 search value start
2024-12-06 19:25:28,989 search value start
2024-12-06 19:25:28,989 search value start
2024-12-06 19:25:28,989 search value start
2024-12-06 19:25:28,990 search value start
2024-12-06 19:25:28,990 search value start
2024-12-06 19:25:28,990 search value start
2024-12-06 19:25:28,990 search value start
2024-12-06 19:25:28,990 search value start
2024-12-06 19:25:28,990 search value start
2024-12-06 19:25:28,990 search value start
2024-12-06 19:25:28,990 search value start
2024-12-06 19:25:28,990 search value start
2024-12-06 19:25:28,990 search value start
2024-12-06 19:25:28,990 search value start
2024-12-06 19:25:28,990 search value start
2024-12-06 19:25:28,990 search value start
2024-12-06 19:25:28,990 search value start
2024-12-06 19:25:28,990 search value start
2024-12-06 19:25:28,990 search value start
2024-12-06 19:25:28,990 search value start
2024-12-06 19:25:28,990 search value start
2024-12-06 19:25:28,990 search value start
2024-12-06 19:25:28,990 search value start
2024-12-06 19:25:28,990 search value start
2024-12-06 19:25:28,990 search value start
2024-12-06 19:25:28,990 search value start
2024-12-06 19:25:28,990 search value start
2024-12-06 19:25:28,990 search value start
2024-12-06 19:25:28,991 search value start
2024-12-06 19:25:28,991 search value start
2024-12-06 19:25:28,991 search value start
2024-12-06 19:25:28,991 search value start
2024-12-06 19:25:28,991 search value start
2024-12-06 19:25:28,991 search value start
2024-12-06 19:25:28,991 search value start
2024-12-06 19:25:28,991 search value start
2024-12-06 19:25:28,991 search value start
2024-12-06 19:25:28,991 search value start
2024-12-06 19:25:28,991 search value start
2024-12-06 19:25:28,991 search value start
2024-12-06 19:25:28,991 search value start
2024-12-06 19:25:28,991 search value start
2024-12-06 19:25:28,991 search value start
2024-12-06 19:25:28,991 search value start
2024-12-06 19:25:28,991 search value start
2024-12-06 19:25:28,991 search value start
2024-12-06 19:25:28,991 search value start
2024-12-06 19:25:28,991 search value start
2024-12-06 19:25:28,991 search value start
2024-12-06 19:25:28,991 search value start
2024-12-06 19:25:28,991 search value start
2024-12-06 19:25:28,991 search value start
2024-12-06 19:25:28,991 search value start
2024-12-06 19:25:28,991 search value start
2024-12-06 19:25:28,991 search value start
2024-12-06 19:25:28,991 search value start
2024-12-06 19:25:28,991 search value start
2024-12-06 19:25:28,992 search value start
2024-12-06 19:25:28,992 search value start
2024-12-06 19:25:28,992 search value start
2024-12-06 19:25:28,992 search value start
2024-12-06 19:25:28,992 search value start
2024-12-06 19:25:28,992 search value start
2024-12-06 19:25:28,992 search value start
2024-12-06 19:25:28,992 search value start
2024-12-06 19:25:28,992 search value start
2024-12-06 19:25:28,992 search value start
2024-12-06 19:25:28,992 search value start
2024-12-06 19:25:28,992 search value start
2024-12-06 19:25:28,992 search value start
2024-12-06 19:25:28,992 search value start
2024-12-06 19:25:28,992 search value start
2024-12-06 19:25:28,992 search value start
2024-12-06 19:25:28,992 search value start
2024-12-06 19:25:28,992 search value start
2024-12-06 19:25:28,992 search value start
2024-12-06 19:25:28,992 search value start
2024-12-06 19:25:28,992 search value start
2024-12-06 19:25:28,992 search value start
2024-12-06 19:25:28,992 search value start
2024-12-06 19:25:28,992 search value start
2024-12-06 19:25:28,992 search value start
2024-12-06 19:25:28,992 search value start
2024-12-06 19:25:28,992 search value start
2024-12-06 19:25:28,992 search value start
2024-12-06 19:25:28,992 search value start
2024-12-06 19:25:28,993 search value start
2024-12-06 19:25:28,993 search value start
2024-12-06 19:25:28,993 search value start
2024-12-06 19:25:28,993 search value start
2024-12-06 19:25:28,993 search value start
2024-12-06 19:25:28,993 search value start
2024-12-06 19:25:28,993 search value start
2024-12-06 19:25:28,993 search value start
2024-12-06 19:25:28,993 search value start
2024-12-06 19:25:28,993 search value start
2024-12-06 19:25:28,993 search value start
2024-12-06 19:25:28,993 search value start
2024-12-06 19:25:28,993 search value start
2024-12-06 19:25:28,993 search value start
2024-12-06 19:25:28,993 search value start
2024-12-06 19:25:28,993 search value start
2024-12-06 19:25:28,993 search value start
2024-12-06 19:25:28,993 search value start
2024-12-06 19:25:28,993 search value start
2024-12-06 19:25:28,993 search value start
2024-12-06 19:25:28,993 search value start
2024-12-06 19:25:28,994 search value start
2024-12-06 19:25:28,994 search value start
2024-12-06 19:25:28,994 search value start
2024-12-06 19:25:28,994 search value start
2024-12-06 19:25:28,994 search value start
2024-12-06 19:25:28,994 search value start
2024-12-06 19:25:28,994 search value start
2024-12-06 19:25:28,994 search value start
2024-12-06 19:25:28,994 search value start
2024-12-06 19:25:28,994 search value start
2024-12-06 19:25:28,994 search value start
2024-12-06 19:25:28,994 search value start
2024-12-06 19:25:28,994 search value start
2024-12-06 19:25:28,994 search value start
2024-12-06 19:25:28,994 search value start
2024-12-06 19:25:28,994 search value start
2024-12-06 19:25:28,994 search value start
2024-12-06 19:25:28,994 search value start
2024-12-06 19:25:28,994 search value start
2024-12-06 19:25:28,994 search value start
2024-12-06 19:25:28,994 search value start
2024-12-06 19:25:28,994 search value start
2024-12-06 19:25:28,994 search value start
2024-12-06 19:25:28,994 search value start
2024-12-06 19:25:28,994 search value start
2024-12-06 19:25:28,994 search value start
2024-12-06 19:25:28,994 search value start
2024-12-06 19:25:28,994 search value start
2024-12-06 19:25:28,994 search value start
2024-12-06 19:25:28,995 search value start
2024-12-06 19:25:28,995 search value start
2024-12-06 19:25:28,995 search value start
2024-12-06 19:25:28,995 search value start
2024-12-06 19:25:28,995 search value start
2024-12-06 19:25:28,995 search value start
2024-12-06 19:25:28,995 search value start
2024-12-06 19:25:28,995 search value start
2024-12-06 19:25:28,995 search value start
2024-12-06 19:25:28,995 search value start
2024-12-06 19:25:28,995 search value start
2024-12-06 19:25:28,995 search value start
2024-12-06 19:25:28,995 search value start
2024-12-06 19:25:28,995 search value start
2024-12-06 19:25:28,995 search value start
2024-12-06 19:25:28,995 search value start
2024-12-06 19:25:28,995 search value start
2024-12-06 19:25:28,995 search value start
2024-12-06 19:25:28,995 search value start
2024-12-06 19:25:28,995 search value start
2024-12-06 19:25:28,995 search value start
2024-12-06 19:25:28,995 search value start
2024-12-06 19:25:28,995 search value start
2024-12-06 19:25:28,995 search value start
2024-12-06 19:25:28,995 search value start
2024-12-06 19:25:28,995 search value start
2024-12-06 19:25:28,995 search value start
2024-12-06 19:25:28,996 search value start
2024-12-06 19:25:28,996 search value start
2024-12-06 19:25:28,996 search value start
2024-12-06 19:25:28,996 search value start
2024-12-06 19:25:28,996 search value start
2024-12-06 19:25:28,996 search value start
2024-12-06 19:25:28,996 search value start
2024-12-06 19:25:28,996 search value start
2024-12-06 19:25:28,996 search value start
2024-12-06 19:25:28,996 search value start
2024-12-06 19:25:28,996 search value start
2024-12-06 19:25:28,996 search value start
2024-12-06 19:25:28,996 search value start
2024-12-06 19:25:28,996 search value start
2024-12-06 19:25:28,996 search value start
2024-12-06 19:25:28,996 search value start
2024-12-06 19:25:28,996 search value start
2024-12-06 19:25:28,996 search value start
2024-12-06 19:25:28,996 search value start
2024-12-06 19:25:28,997 search value start
2024-12-06 19:25:28,997 search value start
2024-12-06 19:25:28,997 search value start
2024-12-06 19:25:28,997 search value start
2024-12-06 19:25:28,997 search value start
2024-12-06 19:25:28,997 search value start
2024-12-06 19:25:28,997 search value start
2024-12-06 19:25:28,997 search value start
2024-12-06 19:25:28,997 search value start
2024-12-06 19:25:28,997 search value start
2024-12-06 19:25:28,997 search value start
2024-12-06 19:25:28,997 search value start
2024-12-06 19:25:28,997 search value start
2024-12-06 19:25:28,997 search value start
2024-12-06 19:25:28,997 search value start
2024-12-06 19:25:28,997 search value start
2024-12-06 19:25:28,997 search value start
2024-12-06 19:25:28,997 search value start
2024-12-06 19:25:28,997 search value start
2024-12-06 19:25:28,997 search value start
2024-12-06 19:25:28,998 search value start
2024-12-06 19:25:28,998 search value start
2024-12-06 19:25:28,998 search value start
2024-12-06 19:25:28,998 search value start
2024-12-06 19:25:28,998 search value start
2024-12-06 19:25:28,998 search value start
2024-12-06 19:25:28,998 search value start
2024-12-06 19:25:28,998 search value start
2024-12-06 19:25:28,998 search value start
2024-12-06 19:25:28,998 search value start
2024-12-06 19:25:28,998 search value start
2024-12-06 19:25:28,998 search value start
2024-12-06 19:25:28,998 search value start
2024-12-06 19:25:28,998 search value start
2024-12-06 19:25:28,998 search value start
2024-12-06 19:25:28,998 search value start
2024-12-06 19:25:28,998 search value start
2024-12-06 19:25:28,998 search value start
2024-12-06 19:25:28,998 search value start
2024-12-06 19:25:28,998 search value start
2024-12-06 19:25:28,998 search value start
2024-12-06 19:25:28,998 search value start
2024-12-06 19:25:28,998 search value start
2024-12-06 19:25:28,998 search value start
2024-12-06 19:25:28,998 search value start
2024-12-06 19:25:28,999 search value start
2024-12-06 19:25:28,999 search value start
2024-12-06 19:25:28,999 search value start
2024-12-06 19:25:28,999 search value start
2024-12-06 19:25:28,999 search value start
2024-12-06 19:25:28,999 search value start
2024-12-06 19:25:28,999 search value start
2024-12-06 19:25:28,999 search value start
2024-12-06 19:25:28,999 search value start
2024-12-06 19:25:28,999 search value start
2024-12-06 19:25:28,999 search value start
2024-12-06 19:25:28,999 search value start
2024-12-06 19:25:28,999 search value start
2024-12-06 19:25:28,999 search value start
2024-12-06 19:25:29,000 search value start
2024-12-06 19:25:29,000 search value start
2024-12-06 19:25:29,000 search value start
2024-12-06 19:25:29,000 search value start
2024-12-06 19:25:29,000 search value start
2024-12-06 19:25:29,000 search value start
2024-12-06 19:25:29,000 search value start
2024-12-06 19:25:29,000 search value start
2024-12-06 19:25:29,000 search value start
2024-12-06 19:25:29,000 search value start
2024-12-06 19:25:29,000 search value start
2024-12-06 19:25:29,000 search value start
2024-12-06 19:25:29,000 search value start
2024-12-06 19:25:29,000 search value start
2024-12-06 19:25:29,000 search value start
2024-12-06 19:25:29,000 search value start
2024-12-06 19:25:29,000 search value start
2024-12-06 19:25:29,001 search value start
2024-12-06 19:25:29,001 search value start
2024-12-06 19:25:29,001 search value start
2024-12-06 19:25:29,001 search value start
2024-12-06 19:25:29,001 search value start
2024-12-06 19:25:29,001 search value start
2024-12-06 19:25:29,001 search value start
2024-12-06 19:25:29,001 search value start
2024-12-06 19:25:29,001 search value start
2024-12-06 19:25:29,001 search value start
2024-12-06 19:25:29,001 search value start
2024-12-06 19:25:29,001 search value start
2024-12-06 19:25:29,001 search value start
2024-12-06 19:25:29,001 search value start
2024-12-06 19:25:29,001 search value start
2024-12-06 19:25:29,001 search value start
2024-12-06 19:25:29,001 search value start
2024-12-06 19:25:29,002 search value start
2024-12-06 19:25:29,002 search value start
2024-12-06 19:25:29,002 search value start
2024-12-06 19:25:29,002 search value start
2024-12-06 19:25:29,002 search value start
2024-12-06 19:25:29,002 search value start
2024-12-06 19:25:29,002 search value start
2024-12-06 19:25:29,002 search value start
2024-12-06 19:25:29,002 search value start
2024-12-06 19:25:29,002 search value start
2024-12-06 19:25:29,002 search value start
2024-12-06 19:25:29,002 search value start
2024-12-06 19:25:29,002 search value start
2024-12-06 19:25:29,002 search value start
2024-12-06 19:25:29,002 search value start
2024-12-06 19:25:29,002 search value start
2024-12-06 19:25:29,002 search value start
2024-12-06 19:25:29,002 search value start
2024-12-06 19:25:29,003 search value start
2024-12-06 19:25:29,003 search value start
2024-12-06 19:25:29,003 search value start
2024-12-06 19:25:29,003 search value start
2024-12-06 19:25:29,003 search value start
2024-12-06 19:25:29,003 search value start
2024-12-06 19:25:29,003 search value start
2024-12-06 19:25:29,003 search value start
2024-12-06 19:25:29,003 search value start
2024-12-06 19:25:29,003 search value start
2024-12-06 19:25:29,003 search value start
2024-12-06 19:25:29,003 search value start
2024-12-06 19:25:29,003 search value start
2024-12-06 19:25:29,003 search value start
2024-12-06 19:25:29,003 search value start
2024-12-06 19:25:29,003 search value start
2024-12-06 19:25:29,003 search value start
2024-12-06 19:25:29,003 search value start
2024-12-06 19:25:29,003 search value start
2024-12-06 19:25:29,003 search value start
2024-12-06 19:25:29,003 search value start
2024-12-06 19:25:29,003 search value start
2024-12-06 19:25:29,003 search value start
2024-12-06 19:25:29,004 search value start
2024-12-06 19:25:29,004 search value start
2024-12-06 19:25:29,004 search value start
2024-12-06 19:25:29,004 search value start
2024-12-06 19:25:29,004 search value start
2024-12-06 19:25:29,004 search value start
2024-12-06 19:25:29,004 search value start
2024-12-06 19:25:29,004 search value start
2024-12-06 19:25:29,004 search value start
2024-12-06 19:25:29,004 search value start
2024-12-06 19:25:29,004 search value start
2024-12-06 19:25:29,004 search value start
2024-12-06 19:25:29,004 search value start
2024-12-06 19:25:29,004 search value start
2024-12-06 19:25:29,004 search value start
2024-12-06 19:25:29,004 search value start
2024-12-06 19:25:29,004 search value start
2024-12-06 19:25:29,004 search value start
2024-12-06 19:25:29,004 search value start
2024-12-06 19:25:29,004 search value start
2024-12-06 19:25:29,004 search value start
2024-12-06 19:25:29,004 search value start
2024-12-06 19:25:29,004 search value start
2024-12-06 19:25:29,004 search value start
2024-12-06 19:25:29,004 search value start
2024-12-06 19:25:29,004 search value start
2024-12-06 19:25:29,004 search value start
2024-12-06 19:25:29,004 search value start
2024-12-06 19:25:29,004 search value start
2024-12-06 19:25:29,004 search value start
2024-12-06 19:25:29,005 search value start
2024-12-06 19:25:29,005 search value start
2024-12-06 19:25:29,005 search value start
2024-12-06 19:25:29,005 search value start
2024-12-06 19:25:29,005 search value start
2024-12-06 19:25:29,005 search value start
2024-12-06 19:25:29,005 search value start
2024-12-06 19:25:29,005 search value start
2024-12-06 19:25:29,005 search value start
2024-12-06 19:25:29,005 search value start
2024-12-06 19:25:29,005 search value start
2024-12-06 19:25:29,005 search value start
2024-12-06 19:25:29,005 search value start
2024-12-06 19:25:29,005 search value start
2024-12-06 19:25:29,005 search value start
2024-12-06 19:25:29,005 search value start
2024-12-06 19:25:29,005 search value start
2024-12-06 19:25:29,005 search value start
2024-12-06 19:25:29,005 search value start
2024-12-06 19:25:29,005 search value start
2024-12-06 19:25:29,005 search value start
2024-12-06 19:25:29,005 search value start
2024-12-06 19:25:29,005 search value start
2024-12-06 19:25:29,005 search value start
2024-12-06 19:25:29,005 search value start
2024-12-06 19:25:29,005 search value start
2024-12-06 19:25:29,006 search value start
2024-12-06 19:25:29,006 search value start
2024-12-06 19:25:29,006 search value start
2024-12-06 19:25:29,006 search value start
2024-12-06 19:25:29,006 search value start
2024-12-06 19:25:29,006 search value start
2024-12-06 19:25:29,006 search value start
2024-12-06 19:25:29,006 search value start
2024-12-06 19:25:29,006 search value start
2024-12-06 19:25:29,006 search value start
2024-12-06 19:25:29,006 search value start
2024-12-06 19:25:29,006 search value start
2024-12-06 19:25:29,006 search value start
2024-12-06 19:25:29,006 search value start
2024-12-06 19:25:29,006 search value start
2024-12-06 19:25:29,006 search value start
2024-12-06 19:25:29,006 search value start
2024-12-06 19:25:29,006 search value start
2024-12-06 19:25:29,006 search value start
2024-12-06 19:25:29,006 search value start
2024-12-06 19:25:29,006 search value start
2024-12-06 19:25:29,006 search value start
2024-12-06 19:25:29,006 search value start
2024-12-06 19:25:29,006 search value start
2024-12-06 19:25:29,006 search value start
2024-12-06 19:25:29,006 search value start
2024-12-06 19:25:29,006 search value start
2024-12-06 19:25:29,006 search value start
2024-12-06 19:25:29,007 search value start
2024-12-06 19:25:29,007 search value start
2024-12-06 19:25:29,007 search value start
2024-12-06 19:25:29,007 search value start
2024-12-06 19:25:29,007 search value start
2024-12-06 19:25:29,007 search value start
2024-12-06 19:25:29,007 search value start
2024-12-06 19:25:29,007 search value start
2024-12-06 19:25:29,007 search value start
2024-12-06 19:25:29,007 search value start
2024-12-06 19:25:29,007 search value start
2024-12-06 19:25:29,007 search value start
2024-12-06 19:25:29,007 search value start
2024-12-06 19:25:29,007 search value start
2024-12-06 19:25:29,007 search value start
2024-12-06 19:25:29,007 search value start
2024-12-06 19:25:29,007 search value start
2024-12-06 19:25:29,007 search value start
2024-12-06 19:25:29,007 search value start
2024-12-06 19:25:29,007 search value start
2024-12-06 19:25:29,007 search value start
2024-12-06 19:25:29,007 search value start
2024-12-06 19:25:29,007 search value start
2024-12-06 19:25:29,007 search value start
2024-12-06 19:25:29,007 search value start
2024-12-06 19:25:29,007 search value start
2024-12-06 19:25:29,007 search value start
2024-12-06 19:25:29,008 search value start
2024-12-06 19:25:29,008 search value start
2024-12-06 19:25:29,008 search value start
2024-12-06 19:25:29,008 search value start
2024-12-06 19:25:29,008 search value start
2024-12-06 19:25:29,008 search value start
2024-12-06 19:25:29,008 search value start
2024-12-06 19:25:29,008 search value start
2024-12-06 19:25:29,008 search value start
2024-12-06 19:25:29,008 search value start
2024-12-06 19:25:29,008 search value start
2024-12-06 19:25:29,008 search value start
2024-12-06 19:25:29,008 search value start
2024-12-06 19:25:29,008 search value start
2024-12-06 19:25:29,008 search value start
2024-12-06 19:25:29,008 search value start
2024-12-06 19:25:29,008 search value start
2024-12-06 19:25:29,008 search value start
2024-12-06 19:25:29,008 search value start
2024-12-06 19:25:29,008 search value start
2024-12-06 19:25:29,008 search value start
2024-12-06 19:25:29,008 search value start
2024-12-06 19:25:29,008 search value start
2024-12-06 19:25:29,008 search value start
2024-12-06 19:25:29,008 search value start
2024-12-06 19:25:29,009 search value start
2024-12-06 19:25:29,009 search value start
2024-12-06 19:25:29,009 search value start
2024-12-06 19:25:29,009 search value start
2024-12-06 19:25:29,009 search value start
2024-12-06 19:25:29,009 search value start
2024-12-06 19:25:29,009 search value start
2024-12-06 19:25:29,009 search value start
2024-12-06 19:25:29,009 search value start
2024-12-06 19:25:29,009 search value start
2024-12-06 19:25:29,009 search value start
2024-12-06 19:25:29,009 search value start
2024-12-06 19:25:29,009 search value start
2024-12-06 19:25:29,009 search value start
2024-12-06 19:25:29,009 search value start
2024-12-06 19:25:29,009 search value start
2024-12-06 19:25:29,009 search value start
2024-12-06 19:25:29,009 search value start
2024-12-06 19:25:29,009 search value start
2024-12-06 19:25:29,009 search value start
2024-12-06 19:25:29,009 search value start
2024-12-06 19:25:29,009 search value start
2024-12-06 19:25:29,009 search value start
2024-12-06 19:25:29,009 search value start
2024-12-06 19:25:29,009 search value start
2024-12-06 19:25:29,009 search value start
2024-12-06 19:25:29,009 search value start
2024-12-06 19:25:29,009 search value start
2024-12-06 19:25:29,010 search value start
2024-12-06 19:25:29,010 search value start
2024-12-06 19:25:29,010 search value start
2024-12-06 19:25:29,010 search value start
2024-12-06 19:25:29,010 search value start
2024-12-06 19:25:29,010 search value start
2024-12-06 19:25:29,010 search value start
2024-12-06 19:25:29,010 search value start
2024-12-06 19:25:29,010 search value start
2024-12-06 19:25:29,010 search value start
2024-12-06 19:25:29,010 search value start
2024-12-06 19:25:29,010 search value start
2024-12-06 19:25:29,010 search value start
2024-12-06 19:25:29,010 search value start
2024-12-06 19:25:29,010 search value start
2024-12-06 19:25:29,010 search value start
2024-12-06 19:25:29,010 search value start
2024-12-06 19:25:29,010 search value start
2024-12-06 19:25:29,010 search value start
2024-12-06 19:25:29,010 search value start
2024-12-06 19:25:29,010 search value start
2024-12-06 19:25:29,010 search value start
2024-12-06 19:25:29,010 search value start
2024-12-06 19:25:29,011 search value start
2024-12-06 19:25:29,011 search value start
2024-12-06 19:25:29,011 search value start
2024-12-06 19:25:29,011 search value start
2024-12-06 19:25:29,011 search value start
2024-12-06 19:25:29,011 search value start
2024-12-06 19:25:29,011 search value start
2024-12-06 19:25:29,011 search value start
2024-12-06 19:25:29,011 search value start
2024-12-06 19:25:29,011 search value start
2024-12-06 19:25:29,011 search value start
2024-12-06 19:25:29,011 search value start
2024-12-06 19:25:29,011 search value start
2024-12-06 19:25:29,011 search value start
2024-12-06 19:25:29,011 search value start
2024-12-06 19:25:29,011 search value start
2024-12-06 19:25:29,011 search value start
2024-12-06 19:25:29,011 search value start
2024-12-06 19:25:29,011 search value start
2024-12-06 19:25:29,011 search value start
2024-12-06 19:25:29,011 search value start
2024-12-06 19:25:29,011 search value start
2024-12-06 19:25:29,011 search value start
2024-12-06 19:25:29,011 search value start
2024-12-06 19:25:29,011 search value start
2024-12-06 19:25:29,011 search value start
2024-12-06 19:25:29,011 search value start
2024-12-06 19:25:29,011 search value start
2024-12-06 19:25:29,012 search value start
2024-12-06 19:25:29,012 search value start
2024-12-06 19:25:29,012 search value start
2024-12-06 19:25:29,012 search value start
2024-12-06 19:25:29,012 search value start
2024-12-06 19:25:29,012 search value start
2024-12-06 19:25:29,012 search value start
2024-12-06 19:25:29,012 search value start
2024-12-06 19:25:29,012 search value start
2024-12-06 19:25:29,012 search value start
2024-12-06 19:25:29,012 search value start
2024-12-06 19:25:29,012 search value start
2024-12-06 19:25:29,012 search value start
2024-12-06 19:25:29,012 search value start
2024-12-06 19:25:29,012 search value start
2024-12-06 19:25:29,012 search value start
2024-12-06 19:25:29,012 search value start
2024-12-06 19:25:29,012 search value start
2024-12-06 19:25:29,012 search value start
2024-12-06 19:25:29,012 search value start
2024-12-06 19:25:29,012 search value start
2024-12-06 19:25:29,012 search value start
2024-12-06 19:25:29,012 search value start
2024-12-06 19:25:29,012 search value start
2024-12-06 19:25:29,012 search value start
2024-12-06 19:25:29,012 search value start
2024-12-06 19:25:29,012 search value start
2024-12-06 19:25:29,012 search value start
2024-12-06 19:25:29,013 search value start
2024-12-06 19:25:29,013 search value start
2024-12-06 19:25:29,013 search value start
2024-12-06 19:25:29,013 search value start
2024-12-06 19:25:29,013 search value start
2024-12-06 19:25:29,013 search value start
2024-12-06 19:25:29,013 search value start
2024-12-06 19:25:29,013 search value start
2024-12-06 19:25:29,013 search value start
2024-12-06 19:25:29,013 search value start
2024-12-06 19:25:29,013 search value start
2024-12-06 19:25:29,013 search value start
2024-12-06 19:25:29,013 search value start
2024-12-06 19:25:29,013 search value start
2024-12-06 19:25:29,013 search value start
2024-12-06 19:25:29,013 search value start
2024-12-06 19:25:29,013 search value start
2024-12-06 19:25:29,013 search value start
2024-12-06 19:25:29,013 search value start
2024-12-06 19:25:29,013 search value start
2024-12-06 19:25:29,013 search value start
2024-12-06 19:25:29,013 search value start
2024-12-06 19:25:29,013 search value start
2024-12-06 19:25:29,013 search value start
2024-12-06 19:25:29,013 search value start
2024-12-06 19:25:29,014 search value start
2024-12-06 19:25:29,014 search value start
2024-12-06 19:25:29,014 search value start
2024-12-06 19:25:29,014 search value start
2024-12-06 19:25:29,014 search value start
2024-12-06 19:25:29,014 search value start
2024-12-06 19:25:29,014 search value start
2024-12-06 19:25:29,014 search value start
2024-12-06 19:25:29,014 search value start
2024-12-06 19:25:29,014 search value start
2024-12-06 19:25:29,014 search value start
2024-12-06 19:25:29,014 search value start
2024-12-06 19:25:29,014 search value start
2024-12-06 19:25:29,014 search value start
2024-12-06 19:25:29,014 search value start
2024-12-06 19:25:29,014 search value start
2024-12-06 19:25:29,014 search value start
2024-12-06 19:25:29,014 search value start
2024-12-06 19:25:29,014 search value start
2024-12-06 19:25:29,014 search value start
2024-12-06 19:25:29,014 search value start
2024-12-06 19:25:29,014 search value start
2024-12-06 19:25:29,014 search value start
2024-12-06 19:25:29,014 search value start
2024-12-06 19:25:29,014 search value start
2024-12-06 19:25:29,014 search value start
2024-12-06 19:25:29,014 search value start
2024-12-06 19:25:29,014 search value start
2024-12-06 19:25:29,014 search value start
2024-12-06 19:25:29,014 search value start
2024-12-06 19:25:29,015 search value start
2024-12-06 19:25:29,015 search value start
2024-12-06 19:25:29,015 search value start
2024-12-06 19:25:29,015 search value start
2024-12-06 19:25:29,015 search value start
2024-12-06 19:25:29,015 search value start
2024-12-06 19:25:29,015 search value start
2024-12-06 19:25:29,015 search value start
2024-12-06 19:25:29,015 search value start
2024-12-06 19:25:29,015 search value start
2024-12-06 19:25:29,015 search value start
2024-12-06 19:25:29,015 search value start
2024-12-06 19:25:29,015 search value start
2024-12-06 19:25:29,015 search value start
2024-12-06 19:25:29,015 search value start
2024-12-06 19:25:29,015 search value start
2024-12-06 19:25:29,015 search value start
2024-12-06 19:25:29,015 search value start
2024-12-06 19:25:29,015 search value start
2024-12-06 19:25:29,015 search value start
2024-12-06 19:25:29,015 search value start
2024-12-06 19:25:29,015 search value start
2024-12-06 19:25:29,015 search value start
2024-12-06 19:25:29,015 search value start
2024-12-06 19:25:29,015 search value start
2024-12-06 19:25:29,015 search value start
2024-12-06 19:25:29,015 search value start
2024-12-06 19:25:29,016 search value start
2024-12-06 19:25:29,016 search value start
2024-12-06 19:25:29,016 search value start
2024-12-06 19:25:29,016 search value start
2024-12-06 19:25:29,016 search value start
2024-12-06 19:25:29,016 search value start
2024-12-06 19:25:29,016 search value start
2024-12-06 19:25:29,016 search value start
2024-12-06 19:25:29,016 search value start
2024-12-06 19:25:29,016 search value start
2024-12-06 19:25:29,016 search value start
2024-12-06 19:25:29,016 search value start
2024-12-06 19:25:29,016 search value start
2024-12-06 19:25:29,016 search value start
2024-12-06 19:25:29,016 search value start
2024-12-06 19:25:29,016 search value start
2024-12-06 19:25:29,016 search value start
2024-12-06 19:25:29,016 search value start
2024-12-06 19:25:29,016 search value start
2024-12-06 19:25:29,016 search value start
2024-12-06 19:25:29,016 search value start
2024-12-06 19:25:29,016 search value start
2024-12-06 19:25:29,016 search value start
2024-12-06 19:25:29,016 search value start
2024-12-06 19:25:29,016 search value start
2024-12-06 19:25:29,016 search value start
2024-12-06 19:25:29,016 search value start
2024-12-06 19:25:29,016 search value start
2024-12-06 19:25:29,016 search value start
2024-12-06 19:25:29,016 search value start
2024-12-06 19:25:29,017 search value start
2024-12-06 19:25:29,017 search value start
2024-12-06 19:25:29,017 search value start
2024-12-06 19:25:29,017 search value start
2024-12-06 19:25:29,017 search value start
2024-12-06 19:25:29,017 search value start
2024-12-06 19:25:29,017 search value start
2024-12-06 19:25:29,017 search value start
2024-12-06 19:25:29,017 search value start
2024-12-06 19:25:29,017 search value start
2024-12-06 19:25:29,017 search value start
2024-12-06 19:25:29,017 search value start
2024-12-06 19:25:29,017 search value start
2024-12-06 19:25:29,017 search value start
2024-12-06 19:25:29,017 search value start
2024-12-06 19:25:29,017 search value start
2024-12-06 19:25:29,017 search value start
2024-12-06 19:25:29,017 search value start
2024-12-06 19:25:29,017 search value start
2024-12-06 19:25:29,017 search value start
2024-12-06 19:25:29,017 search value start
2024-12-06 19:25:29,017 search value start
2024-12-06 19:25:29,018 search value start
2024-12-06 19:25:29,018 search value start
2024-12-06 19:25:29,018 search value start
2024-12-06 19:25:29,018 search value start
2024-12-06 19:25:29,018 search value start
2024-12-06 19:25:29,018 search value start
2024-12-06 19:25:29,018 search value start
2024-12-06 19:25:29,018 search value start
2024-12-06 19:25:29,018 search value start
2024-12-06 19:25:29,018 search value start
2024-12-06 19:25:29,018 search value start
2024-12-06 19:25:29,018 search value start
2024-12-06 19:25:29,018 search value start
2024-12-06 19:25:29,018 search value start
2024-12-06 19:25:29,018 search value start
2024-12-06 19:25:29,018 search value start
2024-12-06 19:25:29,018 search value start
2024-12-06 19:25:29,018 search value start
2024-12-06 19:25:29,018 search value start
2024-12-06 19:25:29,018 search value start
2024-12-06 19:25:29,018 search value start
2024-12-06 19:25:29,018 search value start
2024-12-06 19:25:29,018 search value start
2024-12-06 19:25:29,018 search value start
2024-12-06 19:25:29,018 search value start
2024-12-06 19:25:29,018 search value start
2024-12-06 19:25:29,018 search value start
2024-12-06 19:25:29,018 search value start
2024-12-06 19:25:29,018 search value start
2024-12-06 19:25:29,019 search value start
2024-12-06 19:25:29,019 search value start
2024-12-06 19:25:29,019 search value start
2024-12-06 19:25:29,019 search value start
2024-12-06 19:25:29,019 search value start
2024-12-06 19:25:29,019 search value start
2024-12-06 19:25:29,019 search value start
2024-12-06 19:25:29,019 search value start
2024-12-06 19:25:29,019 search value start
2024-12-06 19:25:29,019 search value start
2024-12-06 19:25:29,019 search value start
2024-12-06 19:25:29,019 search value start
2024-12-06 19:25:29,019 search value start
2024-12-06 19:25:29,019 search value start
2024-12-06 19:25:29,019 search value start
2024-12-06 19:25:29,019 search value start
2024-12-06 19:25:29,019 search value start
2024-12-06 19:25:29,019 search value start
2024-12-06 19:25:29,019 search value start
2024-12-06 19:25:29,019 search value start
2024-12-06 19:25:29,019 search value start
2024-12-06 19:25:29,019 search value start
2024-12-06 19:25:29,019 search value start
2024-12-06 19:25:29,019 search value start
2024-12-06 19:25:29,019 search value start
2024-12-06 19:25:29,019 search value start
2024-12-06 19:25:29,019 search value start
2024-12-06 19:25:29,019 search value start
2024-12-06 19:25:29,019 search value start
2024-12-06 19:25:29,019 search value start
2024-12-06 19:25:29,020 search value start
2024-12-06 19:25:29,020 search value start
2024-12-06 19:25:29,020 search value start
2024-12-06 19:25:29,020 search value start
2024-12-06 19:25:29,020 search value start
2024-12-06 19:25:29,020 search value start
2024-12-06 19:25:29,020 search value start
2024-12-06 19:25:29,020 search value start
2024-12-06 19:25:29,020 search value start
2024-12-06 19:25:29,020 search value start
2024-12-06 19:25:29,020 search value start
2024-12-06 19:25:29,020 search value start
2024-12-06 19:25:29,020 search value start
2024-12-06 19:25:29,020 search value start
2024-12-06 19:25:29,020 search value start
2024-12-06 19:25:29,020 search value start
2024-12-06 19:25:29,020 search value start
2024-12-06 19:25:29,020 search value start
2024-12-06 19:25:29,020 search value start
2024-12-06 19:25:29,020 search value start
2024-12-06 19:25:29,020 search value start
2024-12-06 19:25:29,020 search value start
2024-12-06 19:25:29,020 search value start
2024-12-06 19:25:29,020 search value start
2024-12-06 19:25:29,020 search value start
2024-12-06 19:25:29,020 search value start
2024-12-06 19:25:29,022 search dataframe finished
2024-12-06 19:25:29,051 simple search start
2024-12-06 19:25:29,053 simple search finished
2024-12-06 19:25:29,058 scatter plot start
2024-12-06 19:25:29,466 violin plot start
2024-12-06 19:25:29,586 whisker box plot start
2024-12-06 19:25:29,649 histogram start
2024-12-06 19:25:29,835 line plot start
2024-12-06 19:25:29,890 mean started
2024-12-06 19:25:29,890 No additional arguments received.
2024-12-06 19:25:29,891 print start
2024-12-06 19:25:29,891 print end
2024-12-06 19:25:29,891 mean ended
2024-12-06 19:25:29,891 median started
2024-12-06 19:25:29,892 print start
2024-12-06 19:25:29,892 print end
2024-12-06 19:25:29,892 median ended
2024-12-06 19:25:29,892 std started
2024-12-06 19:25:29,893 print start
2024-12-06 19:25:29,893 print end
2024-12-06 19:25:29,893 std ended
2024-12-06 19:25:29,893 joint count start
2024-12-06 19:25:29,893 print start
2024-12-06 19:25:29,893 print end
2024-12-06 19:25:29,894 joint count finished
2024-12-06 19:25:29,894 joint probability start
2024-12-06 19:25:29,894 joint count start
2024-12-06 19:25:29,894 joint count finished
2024-12-06 19:25:29,894 print start
2024-12-06 19:25:29,894 print end
2024-12-06 19:25:29,894 joint probability ended
2024-12-06 19:25:29,894 conditional probability start
2024-12-06 19:25:29,904 joint probability start
2024-12-06 19:25:29,904 joint count start
2024-12-06 19:25:29,904 joint count finished
2024-12-06 19:25:29,904 joint probability ended
2024-12-06 19:25:29,905 print start
2024-12-06 19:25:29,905 print end
2024-12-06 19:25:29,905 conditional probability ended
2024-12-06 19:25:37,497 string_eval started
2024-12-06 19:25:37,497 print start
2024-12-06 19:25:37,498 print end
2024-12-06 19:25:37,498 string_eval ended
2024-12-06 19:25:37,498 main finished
